<?xml version="1.0" encoding="UTF-8"?>
<!-- Generated by org.testng.reporters.JUnitReportReporter -->
<testsuite skipped="0" hostname="LAPTOP-17ORIKHV" name="com.expedia.test_classes.SearchFlightsOneWay" tests="10" failures="0" timestamp="16 Feb 2021 05:22:51 GMT" time="225.361" errors="0">
  <testcase name="baseTest" time="4.227" classname="com.expedia.test_classes.SearchFlightsOneWay"/>
  <testcase name="isOneWayFlightSearchSuccessWithDate" time="18.265" classname="com.expedia.test_classes.SearchFlightsOneWay"/>
  <testcase name="isOneWayFlightSearchSuccessWithDate" time="25.970" classname="com.expedia.test_classes.SearchFlightsOneWay"/>
  <testcase name="isOneWayFlightSearchSuccess" time="26.981" classname="com.expedia.test_classes.SearchFlightsOneWay"/>
  <testcase name="isOneWayFlightSearchSuccessWithDate" time="19.041" classname="com.expedia.test_classes.SearchFlightsOneWay"/>
  <testcase name="isOneWayFlightSearchSuccess" time="22.696" classname="com.expedia.test_classes.SearchFlightsOneWay"/>
  <testcase name="isOneWayFlightSearchSuccessWithDate" time="45.029" classname="com.expedia.test_classes.SearchFlightsOneWay"/>
  <testcase name="isOneWayFlightSearchSuccessWithDate" time="28.237" classname="com.expedia.test_classes.SearchFlightsOneWay"/>
  <testcase name="isOneWayFlightSearchSuccess" time="14.729" classname="com.expedia.test_classes.SearchFlightsOneWay"/>
  <testcase name="isOneWayFlightSearchSuccess" time="20.186" classname="com.expedia.test_classes.SearchFlightsOneWay"/>
</testsuite> <!-- com.expedia.test_classes.SearchFlightsOneWay -->
