<?xml version="1.0" encoding="UTF-8"?>
<!-- Generated by org.testng.reporters.JUnitReportReporter -->
<testsuite skipped="1" hostname="LAPTOP-17ORIKHV" name="com.expedia.test_classes.SearchFlightsOneWay" tests="5" failures="0" timestamp="01 Feb 2021 04:44:31 GMT" time="121.951" errors="0">
  <testcase name="isOneWayFlightSearchSuccessWithDate" time="41.261" classname="com.expedia.test_classes.SearchFlightsOneWay"/>
  <testcase name="isOneWayFlightSearchSuccessWithDate" time="30.293" classname="com.expedia.test_classes.SearchFlightsOneWay"/>
  <testcase name="baseTest" time="10.311" classname="com.expedia.test_classes.SearchFlightsOneWay"/>
  <testcase name="isOneWayFlightSearchSuccessWithDate" time="40.086" classname="com.expedia.test_classes.SearchFlightsOneWay"/>
  <testcase name="isOneWayFlightSearchSuccess" classname="com.expedia.test_classes.SearchFlightsOneWay">
    <skipped/>
  </testcase> <!-- isOneWayFlightSearchSuccess -->
</testsuite> <!-- com.expedia.test_classes.SearchFlightsOneWay -->
