<?xml version="1.0" encoding="UTF-8"?>
<!-- Generated by org.testng.reporters.JUnitReportReporter -->
<testsuite skipped="0" hostname="LAPTOP-17ORIKHV" name="flights.SearchFlightsOneWay" tests="2" failures="0" timestamp="11 Dec 2020 06:35:51 GMT" time="24.777" errors="0">
  <testcase name="searchFlightsOnlyPositive" time="20.549" classname="flights.SearchFlightsOneWay"/>
  <testcase name="f" time="4.228" classname="flights.SearchFlightsOneWay"/>
</testsuite> <!-- flights.SearchFlightsOneWay -->
