<?xml version="1.0" encoding="UTF-8"?>
<!-- Generated by org.testng.reporters.JUnitReportReporter -->
<testsuite skipped="0" hostname="LAPTOP-17ORIKHV" name="com.expedia.test_classes.SearchFlightsOneWay" tests="3" failures="0" timestamp="14 Jan 2021 05:12:55 GMT" time="68.850" errors="0">
  <testcase name="isOneWayFlightSearchSuccess" time="41.497" classname="com.expedia.test_classes.SearchFlightsOneWay"/>
  <testcase name="baseTest" time="9.503" classname="com.expedia.test_classes.SearchFlightsOneWay"/>
  <testcase name="isOneWayFlightSearchSuccess" time="17.850" classname="com.expedia.test_classes.SearchFlightsOneWay"/>
</testsuite> <!-- com.expedia.test_classes.SearchFlightsOneWay -->
