<?xml version="1.0" encoding="UTF-8"?>
<!-- Generated by org.testng.reporters.JUnitReportReporter -->
<testsuite skipped="0" hostname="LAPTOP-17ORIKHV" name="flights.SearchPageTest" tests="3" failures="0" timestamp="19 Sep 2019 04:39:54 GMT" time="114.028" errors="0">
  <testcase name="searchFlightsPositive" time="42.446" classname="flights.SearchPageTest"/>
  <testcase name="searchFlightsPositive" time="33.962" classname="flights.SearchPageTest"/>
  <testcase name="searchFlightsPositive" time="37.620" classname="flights.SearchPageTest"/>
</testsuite> <!-- flights.SearchPageTest -->
