<?xml version="1.0" encoding="UTF-8"?>
<!-- Generated by org.testng.reporters.JUnitReportReporter -->
<testsuite skipped="0" hostname="LAPTOP-17ORIKHV" name="frontPage.SearchPageTest" tests="1" failures="0" timestamp="16 Jun 2019 04:18:22 GMT" time="24.751" errors="0">
  <testcase name="search" time="24.751" classname="frontPage.SearchPageTest"/>
</testsuite> <!-- frontPage.SearchPageTest -->
