<?xml version="1.0" encoding="UTF-8"?>
<!-- Generated by org.testng.reporters.JUnitReportReporter -->
<testsuite skipped="0" hostname="LAPTOP-17ORIKHV" name="frontPage.SearchPageTest" tests="1" failures="0" timestamp="17 Jun 2019 05:29:21 GMT" time="23.918" errors="0">
  <testcase name="search" time="23.918" classname="frontPage.SearchPageTest"/>
</testsuite> <!-- frontPage.SearchPageTest -->
