<?xml version="1.0" encoding="UTF-8"?>
<!-- Generated by org.testng.reporters.JUnitReportReporter -->
<testsuite skipped="0" hostname="LAPTOP-17ORIKHV" name="com.expedia.test_classes.SearchFlightsOneWay" tests="2" failures="0" timestamp="15 Dec 2020 06:40:04 GMT" time="27.769" errors="0">
  <testcase name="isOneWayFlightSearchSuccess" time="18.278" classname="com.expedia.test_classes.SearchFlightsOneWay"/>
  <testcase name="baseTest" time="9.491" classname="com.expedia.test_classes.SearchFlightsOneWay"/>
</testsuite> <!-- com.expedia.test_classes.SearchFlightsOneWay -->
