<?xml version="1.0" encoding="UTF-8"?>
<!-- Generated by org.testng.reporters.JUnitReportReporter -->
<testsuite skipped="0" hostname="LAPTOP-17ORIKHV" name="flights.SearchPageTest" tests="2" failures="0" timestamp="03 Sep 2019 03:48:52 GMT" time="62.802" errors="0">
  <testcase name="searchFlightsPositive" time="24.762" classname="flights.SearchPageTest"/>
  <testcase name="searchFlightsPositive" time="38.040" classname="flights.SearchPageTest"/>
</testsuite> <!-- flights.SearchPageTest -->
