<?xml version="1.0" encoding="UTF-8"?>
<!-- Generated by org.testng.reporters.JUnitReportReporter -->
<testsuite skipped="0" hostname="LAPTOP-17ORIKHV" name="com.expedia.test_classes.SearchFlightsOneWay" tests="3" failures="0" timestamp="20 Dec 2020 11:32:34 GMT" time="39.946" errors="0">
  <testcase name="isOneWayFlightSearchSuccess" time="17.198" classname="com.expedia.test_classes.SearchFlightsOneWay"/>
  <testcase name="isOneWayFlightSearchSuccess" time="14.740" classname="com.expedia.test_classes.SearchFlightsOneWay"/>
  <testcase name="baseTest" time="8.008" classname="com.expedia.test_classes.SearchFlightsOneWay"/>
</testsuite> <!-- com.expedia.test_classes.SearchFlightsOneWay -->
