<?xml version="1.0" encoding="UTF-8"?>
<!-- Generated by org.testng.reporters.JUnitReportReporter -->
<testsuite skipped="0" hostname="LAPTOP-17ORIKHV" name="frontPage.SearchPageTest" tests="3" failures="0" timestamp="20 Jun 2019 18:22:30 GMT" time="69.020" errors="0">
  <testcase name="search" time="22.264" classname="frontPage.SearchPageTest"/>
  <testcase name="search" time="26.507" classname="frontPage.SearchPageTest"/>
  <testcase name="search" time="20.249" classname="frontPage.SearchPageTest"/>
</testsuite> <!-- frontPage.SearchPageTest -->
